<?xml version="1.0" encoding="UTF-8"?>
<!-- Generated by org.testng.reporters.JUnitXMLReporter -->
<testsuite ignored="2" hostname="DESKTOP-S3M4KV8" failures="1" tests="4" name="Test" time="3.331" errors="0" timestamp="2024-01-24T13:51:05 IST">
  <testcase classname="testClasses.RegisterTest" name="registerUser" time="1.732"/>
  <testcase classname="testClasses.RegisterTest" name="navToLoginPage" time="0.376"/>
  <testcase classname="testClasses.LoginTest" name="validateTitle" time="0.039">
    <failure type="java.lang.AssertionError" message="expected [Let&amp;apos;s Shopp] but found [Let&amp;apos;s Shop]">
      <![CDATA[java.lang.AssertionError: expected [Let's Shopp] but found [Let's Shop]
at testClasses.LoginTest.validateTitle(LoginTest.java:38)
at java.base/java.util.ArrayList.forEach(ArrayList.java:1511)
... Removed 37 stack frames]]>
    </failure>
  </testcase> <!-- validateTitle -->
  <testcase classname="testClasses.LoginTest" name="loginToApp" time="0.374"/>
  <testcase classname="testClasses.BaseTest" name="@AfterSuite tearDown" time="0.0">
    <ignored/>
  </testcase> <!-- @AfterSuite tearDown -->
  <testcase classname="testClasses.BaseTest" name="@BeforeSuite initBrowser" time="0.0">
    <ignored/>
  </testcase> <!-- @BeforeSuite initBrowser -->
</testsuite> <!-- Test -->
